<?xml version="1.0" encoding="UTF-8"?>
<!-- Generated by org.testng.reporters.JUnitReportReporter -->
<testsuite skipped="0" hostname="TYSS-TR-008" name="com.restAssured.Test.Test" tests="1" failures="0" timestamp="11 Jul 2018 09:03:16 GMT" time="1.492" errors="0">
  <testcase name="patchOperation" time="1.492" classname="com.restAssured.Test.Test"/>
</testsuite> <!-- com.restAssured.Test.Test -->
