<?xml version="1.0" encoding="UTF-8"?>
<!-- Generated by org.testng.reporters.JUnitReportReporter -->
<testsuite skipped="0" hostname="TYSS-TR-008" name="tyssRestAssured.TestRestAssured" tests="1" failures="0" timestamp="05 Jul 2018 08:52:52 GMT" time="1.504" errors="0">
  <testcase name="getApiTest" time="1.504" classname="tyssRestAssured.TestRestAssured"/>
</testsuite> <!-- tyssRestAssured.TestRestAssured -->
